[14/12/2025 13:05] Command received: test
[14/12/2025 15:35] Command received: test
[14/12/2025 16:05] Show schedules list
[14/12/2025 16:07] Error: can't find backup_schedules.txt
[14/12/2025 16:08] New schedule added: test;16:07;backup_test
[14/12/2025 16:09] Error: malformed schedule: test;
[14/12/2025 16:15] Show schedules list
[14/12/2025 17:03] New schedule added: test1;16:07;personal_data
[14/12/2025 17:03] New schedule added: test2;16:07;office_docs
[14/12/2025 17:06] Show schedules list
[14/12/2025 17:06] Show schedules list
[14/12/2025 17:07] Show schedules list: {schedules}
[14/12/2025 17:09] Show schedules list:
[14/12/2025 17:09] {schedule}
[14/12/2025 17:09] {schedule}
[14/12/2025 17:09] {schedule}
[14/12/2025 17:09] Show schedules list:
[14/12/2025 17:09] schedule, {schedule}
[14/12/2025 17:09] schedule, {schedule}
[14/12/2025 17:09] schedule, {schedule}
[14/12/2025 17:11] Show schedules list:
[14/12/2025 17:11] 0: test;16:07;backup_test
[14/12/2025 17:11] 1: test1;16:07;personal_data
[14/12/2025 17:11] 2: test2;16:07;office_docs
[14/12/2025 17:12] Command 'delete' not implemented yet
[14/12/2025 17:16] Command 'delete' not implemented yet
[14/12/2025 17:17] Schedule at index 2 deleted
[14/12/2025 17:17] Show schedules list:
[14/12/2025 17:17] 0: test;16:07;backup_test
[14/12/2025 17:17] 1: test1;16:07;personal_data
[14/12/2025 17:18] Schedule at index 1 deleted
[14/12/2025 17:18] Show schedules list:
[14/12/2025 17:18] 0: test;16:07;backup_test
[14/12/2025 17:18] Error: can't find schedule at index 5
[14/12/2025 17:18] Error: can't find schedule at index 5
